<?xml version="1.0" encoding="UTF-8"?>
<!-- Generated by org.testng.reporters.JUnitXMLReporter -->
<testsuite ignored="0" hostname="DESKTOP-U312EML" failures="0" tests="5" name="Command line test" time="0.108" errors="0" timestamp="05 Oct 2019 15:59:50 GMT">
  <testcase classname="course360.AppiumTest" name="hybridapp" time="0.02"/>
  <testcase classname="course360.AppiumTest" name="nativeapp" time="0.0"/>
  <testcase classname="course360.RestAPITest" name="Post" time="0.0"/>
  <testcase classname="course360.SeleniumTest" name="LaunchBrowser" time="0.004"/>
  <testcase classname="course360.SeleniumTest" name="OpenUrl" time="0.008"/>
</testsuite> <!-- Command line test -->
