<?xml version="1.0" encoding="UTF-8"?>
<testng-results ignored="0" total="5" passed="5" failed="0" skipped="0">
  <reporter-output>
  </reporter-output>
  <suite started-at="2019-10-05T15:59:50Z" name="Command line suite" finished-at="2019-10-05T15:59:50Z" duration-ms="108">
    <groups>
    </groups>
    <test started-at="2019-10-05T15:59:50Z" name="Command line test" finished-at="2019-10-05T15:59:50Z" duration-ms="108">
      <class name="course360.AppiumTest">
        <test-method signature="hybridapp()[pri:0, instance:course360.AppiumTest@4eb7f003]" started-at="2019-10-05T15:59:50Z" name="hybridapp" finished-at="2019-10-05T15:59:50Z" duration-ms="20" status="PASS">
          <reporter-output>
          </reporter-output>
        </test-method> <!-- hybridapp -->
        <test-method signature="nativeapp()[pri:0, instance:course360.AppiumTest@4eb7f003]" started-at="2019-10-05T15:59:50Z" name="nativeapp" finished-at="2019-10-05T15:59:50Z" duration-ms="0" status="PASS">
          <reporter-output>
          </reporter-output>
        </test-method> <!-- nativeapp -->
      </class> <!-- course360.AppiumTest -->
      <class name="course360.RestAPITest">
        <test-method signature="Post()[pri:0, instance:course360.RestAPITest@eafc191]" started-at="2019-10-05T15:59:50Z" name="Post" finished-at="2019-10-05T15:59:50Z" duration-ms="0" status="PASS">
          <reporter-output>
          </reporter-output>
        </test-method> <!-- Post -->
      </class> <!-- course360.RestAPITest -->
      <class name="course360.SeleniumTest">
        <test-method signature="LaunchBrowser()[pri:0, instance:course360.SeleniumTest@612fc6eb]" started-at="2019-10-05T15:59:50Z" name="LaunchBrowser" finished-at="2019-10-05T15:59:50Z" duration-ms="4" status="PASS">
          <reporter-output>
          </reporter-output>
        </test-method> <!-- LaunchBrowser -->
        <test-method signature="OpenUrl()[pri:0, instance:course360.SeleniumTest@612fc6eb]" started-at="2019-10-05T15:59:50Z" name="OpenUrl" finished-at="2019-10-05T15:59:50Z" duration-ms="8" status="PASS">
          <reporter-output>
          </reporter-output>
        </test-method> <!-- OpenUrl -->
      </class> <!-- course360.SeleniumTest -->
    </test> <!-- Command line test -->
  </suite> <!-- Command line suite -->
</testng-results>
